  621  cd Desktop/cs149/WS3
  622  kate 4.14Lab.c
  623  kate 4.16Lab.c
  624  kate 5.16Lab.c
  625  kate 5.17Lab.c
  626  git status
  627  ls
  628  git add 4.14Lab.c
  629  git 4.16Lab.c 
  630  git add 4.16Lab.c
  631  git add 5.16Lab.c
  632  git add 5.17Lab.c
  633  history > worksheet3.log
  634  cat worksheet3.log
  635  git commit -m "adding lab files"
  636  git push -u origin master
  637  cd ..
  638  cd A1
  639  kate countnames.c
  640  cd Desktop
  641  cd cs149/A1
  642  kate countnames.c
  643  cd ..
  644  cd WS3
  645  kate 5.18Lab.c
  646  kate 5.21Lab.c
  647  kate 5.22Lab.c
  648  kate 5.23Lab.c
  649  kate 5.22Lab.c
  650  history
  651  cat > worksheet3.log
  652  cat worksheet3.log
  653  ls
  654  git status
  655  git 5.18Lab.c 5.21Lab.c 5.22Lab.c 5.23Lab.c
  656  git add 5.18Lab.c 5.21Lab.c 5.22Lab.c 5.23Lab.c
  657  git status
  658  git add worksheet3.log
  659  git commit -m "Adding remaining labs and log file"
  660  git push -u origin master
  661  git pull
  662  git status
  663  git push -u origin master
  664  cd ..
  665  git clone https://github.com/yitan02/cs149.git
  666  cd cs149
  667  cd WS3
  668  ls
  669  git status
  670* 
  671  git push -u origin master
  672  history
  ...
  721  wget https://github.com/torvalds/linux/archive/master.zip
  722  unzip master.zip
  723  cd linux-master
  724  pwd
  725  alias l='ls -latr'
  726  l
  727  find . -name mem.c
  728  find. -name mem.c | xargs head
  729  find . -name mem.c | xargs head
  730  find . -name mem.c | xargs grep 86
  731  cd ..
  732  head worksheet3.log
  733  history
