    1  date
    2  pwd
    3  cd ~
    4  cd Desktop/
    5  ls -latr
    6  mkdir ws2
    7  cd ws2
    8  ls -latr
    9  echo $?
   10  man ps
   11  ps aux
   12  top
   13  history > worksheet2.log
   14  head worksheet2.log
   15  tail worksheet2.log
   16  cat worksheet2.log
   17  kate 2.25Lab.c
   18  kate 2.29Lab.c
   19  kate 2.32Lab.c
   20  kate 2.34Lab.c
   21  kate 3.22Lab.c
   22  git status
   23  ls
   24  cd ..
   25  git init
   26  git clone https://github.com/yitan02/cs149.git
   27  cd cs149
   28  ls
   29  mkdir WS2
   30  cd WS2
   31  history > worksheet2.log
   32  cat worksheet2.log
   33  kate 2.25Lab.c
   34  git status
   35  git add *.c
   36  git status
   37  git add worksheet2.log
   38  git status
   39  git commit -m "Adding first lab and log file"
   40  git push -u origin master
   41  kate 2.29Lab.c
   42  kate 2.32Lab.c
   43  kate 2.34Lab.c
   44  kate 3.22Lab.c
   45  git status
   46  history > worksheet2.log
   47  git add worksheet2.log *.c
   48  git commit -m "Added remaining labs and updated the log"
   49  git push -u origin master
   50  cd ..
   51  git clone -b master https://github.com/yitan02/cs149.git Links to an external site.cs149_Talia_Yinglin
   52  git clone -b master https://github.com/yitan02/cs149.git cs149_Talia_Yinglin
   53  cd cs149_Talia_Yinglin
   54  ls
   55  cd WS2
   56  ls
   57  cat 2.25Lab.c
   58  sudo apt install build-essential
   59  sudo snap install clion --classic
   60  sudo apt -get update
   61  sudo apt-get update
   62  sudo apt-get install build-essential
   63  sudo apt install g++
   64  cd /opt
   65  ls
   66  sudo mkdir CLion
   67  cd 
   68  cd Downloads
   69  ls
   70  sudo mv clion-2022.3.2 /opt/CLion
   71  ./clion.sh
   72  sudo apt-get install openjdk-11-jdk
   73  ./clion.sh
   74  sudo apt install default-jre
   75  ./clion.sh
   76  java -version
   77  ./clion.sh
   78  java -version
   79  cd /opt
   80  ls
   81  rm -r CLion
   82  l
   83  ls
   84  rmdir CLion
   85  sudo mkdir CLion1
   86  cd CLion1
   87  cd
   88  cd Downloads
   89  ls
   90  sudo mv CLion-2022.3.2 /opt/CLion1
   91  cd
   92  java -version
   93  export JAVA_HOME=$(readlink -f /usr/bin/java | sed "s:/bin/java::")
   94  source ~/.bashrc
   95  echo $JAVA_HOME
   96  ./clion.sh
   97  sudo tar -xzf jetbrains-toolbox-1.27.2.13801.tar.gz -C /opt
   98  ls
   99  ./clion.sh
  100  sudo apt-get install gcc
  101  ./clion.sh
  102  sudo apt-get install gcc-mingw-w64
  103  ./clion.sh
  104  sudo apt-get install cmake
  105  ./clion.sh
  106  cd Desktop
  107  git init
  108  cd cd149
  109  cd cs149
  110  ls
  111  mkdir A1
  112  cd A1
  113  kate countnames.c
  114  history > assignment1.log
